<?xml version="1.0" encoding="UTF-8"?>
<!-- Generated by org.testng.reporters.JUnitXMLReporter -->
<testsuite ignored="0" hostname="sandeep" failures="0" tests="1" name="Default test" time="2.209" errors="0" timestamp="2023-07-04T15:19:33 IST">
  <testcase classname="base.Hooks" name="@BeforeTest setUp" time="2.113">
    <failure type="org.openqa.selenium.SessionNotCreatedException" message="Could not start a new session. session not created: This version of ChromeDriver only supports Chrome version 91
Current browser version is 114.0.5735.199 with binary path C:\Program Files\Google\Chrome\Application\chrome.exe 
Host info: host: &amp;apos;SANDEEP&amp;apos;, ip: &amp;apos;192.168.0.175&amp;apos;
Build info: version: &amp;apos;4.10.0&amp;apos;, revision: &amp;apos;c14d967899&amp;apos;
System info: os.name: &amp;apos;Windows 10&amp;apos;, os.arch: &amp;apos;amd64&amp;apos;, os.version: &amp;apos;10.0&amp;apos;, java.version: &amp;apos;20.0.1&amp;apos;
Driver info: driver.version: ChromeDriver
remote stacktrace: Backtrace:
	Ordinal0 [0x00BE3733+2504499]
	Ordinal0 [0x00B7C401+2081793]
	Ordinal0 [0x00A82628+1058344]
	Ordinal0 [0x00AA071A+1181466]
	Ordinal0 [0x00A9C58C+1164684]
	Ordinal0 [0x00A99DC3+1154499]
	Ordinal0 [0x00AC9B82+1350530]
	Ordinal0 [0x00AC97DA+1349594]
	Ordinal0 [0x00AC5D4B+1334603]
	Ordinal0 [0x00AA22B4+1188532]
	Ordinal0 [0x00AA3149+1192265]
	GetHandleVerifier [0x00D5FB8C+1512252]
	GetHandleVerifier [0x00E0B0DF+2214031]
	GetHandleVerifier [0x00C64BC3+484211]
	GetHandleVerifier [0x00C63E69+480793]
	Ordinal0 [0x00B8218D+2105741]
	Ordinal0 [0x00B866E8+2123496]
	Ordinal0 [0x00B86827+2123815]
	Ordinal0 [0x00B8FB73+2161523]
	BaseThreadInitThunk [0x774100C9+25]
	RtlGetAppContainerNamedObjectPath [0x77AA7B4E+286]
	RtlGetAppContainerNamedObjectPath [0x77AA7B1E+238]
">
      <![CDATA[org.openqa.selenium.SessionNotCreatedException: Could not start a new session. session not created: This version of ChromeDriver only supports Chrome version 91
Current browser version is 114.0.5735.199 with binary path C:\Program Files\Google\Chrome\Application\chrome.exe 
Host info: host: 'SANDEEP', ip: '192.168.0.175'
Build info: version: '4.10.0', revision: 'c14d967899'
System info: os.name: 'Windows 10', os.arch: 'amd64', os.version: '10.0', java.version: '20.0.1'
Driver info: driver.version: ChromeDriver
remote stacktrace: Backtrace:
Ordinal0 [0x00BE3733+2504499]
Ordinal0 [0x00B7C401+2081793]
Ordinal0 [0x00A82628+1058344]
Ordinal0 [0x00AA071A+1181466]
Ordinal0 [0x00A9C58C+1164684]
Ordinal0 [0x00A99DC3+1154499]
Ordinal0 [0x00AC9B82+1350530]
Ordinal0 [0x00AC97DA+1349594]
Ordinal0 [0x00AC5D4B+1334603]
Ordinal0 [0x00AA22B4+1188532]
Ordinal0 [0x00AA3149+1192265]
GetHandleVerifier [0x00D5FB8C+1512252]
GetHandleVerifier [0x00E0B0DF+2214031]
GetHandleVerifier [0x00C64BC3+484211]
GetHandleVerifier [0x00C63E69+480793]
Ordinal0 [0x00B8218D+2105741]
Ordinal0 [0x00B866E8+2123496]
Ordinal0 [0x00B86827+2123815]
Ordinal0 [0x00B8FB73+2161523]
BaseThreadInitThunk [0x774100C9+25]
RtlGetAppContainerNamedObjectPath [0x77AA7B4E+286]
RtlGetAppContainerNamedObjectPath [0x77AA7B1E+238]

at java.base/jdk.internal.reflect.DirectConstructorHandleAccessor.newInstance(DirectConstructorHandleAccessor.java:67)
at java.base/java.lang.reflect.Constructor.newInstanceWithCaller(Constructor.java:500)
at java.base/java.lang.reflect.Constructor.newInstance(Constructor.java:484)
at org.openqa.selenium.remote.W3CHandshakeResponse.lambda$errorHandler$0(W3CHandshakeResponse.java:62)
at org.openqa.selenium.remote.HandshakeResponse.lambda$getResponseFunction$0(HandshakeResponse.java:30)
at org.openqa.selenium.remote.ProtocolHandshake.lambda$createSession$0(ProtocolHandshake.java:126)
at java.base/java.util.stream.ReferencePipeline$3$1.accept(ReferencePipeline.java:197)
at java.base/java.util.Spliterators$ArraySpliterator.tryAdvance(Spliterators.java:1016)
at java.base/java.util.stream.ReferencePipeline.forEachWithCancel(ReferencePipeline.java:129)
at java.base/java.util.stream.AbstractPipeline.copyIntoWithCancel(AbstractPipeline.java:527)
at java.base/java.util.stream.AbstractPipeline.copyInto(AbstractPipeline.java:513)
at java.base/java.util.stream.AbstractPipeline.wrapAndCopyInto(AbstractPipeline.java:499)
at java.base/java.util.stream.FindOps$FindOp.evaluateSequential(FindOps.java:150)
at java.base/java.util.stream.AbstractPipeline.evaluate(AbstractPipeline.java:234)
at java.base/java.util.stream.ReferencePipeline.findFirst(ReferencePipeline.java:647)
at org.openqa.selenium.remote.ProtocolHandshake.createSession(ProtocolHandshake.java:128)
at org.openqa.selenium.remote.ProtocolHandshake.createSession(ProtocolHandshake.java:74)
at org.openqa.selenium.remote.HttpCommandExecutor.execute(HttpCommandExecutor.java:136)
at org.openqa.selenium.remote.service.DriverCommandExecutor.execute(DriverCommandExecutor.java:83)
at org.openqa.selenium.remote.RemoteWebDriver.execute(RemoteWebDriver.java:552)
at org.openqa.selenium.remote.RemoteWebDriver.startSession(RemoteWebDriver.java:213)
at org.openqa.selenium.remote.RemoteWebDriver.<init>(RemoteWebDriver.java:131)
at org.openqa.selenium.chrome.ChromeDriver.<init>(ChromeDriver.java:181)
at org.openqa.selenium.chrome.ChromeDriver.<init>(ChromeDriver.java:168)
at org.openqa.selenium.chrome.ChromeDriver.<init>(ChromeDriver.java:123)
at base.WebDriverInstance.createDriver(WebDriverInstance.java:42)
at base.WebDriverInstance.getDriver(WebDriverInstance.java:21)
at base.BasePage.getDriver(BasePage.java:29)
at base.Hooks.setUp(Hooks.java:19)
at java.base/jdk.internal.reflect.DirectMethodHandleAccessor.invoke(DirectMethodHandleAccessor.java:104)
at java.base/java.lang.reflect.Method.invoke(Method.java:578)
at org.testng.internal.invokers.MethodInvocationHelper.invokeMethod(MethodInvocationHelper.java:139)
at org.testng.internal.invokers.MethodInvocationHelper.invokeMethodConsideringTimeout(MethodInvocationHelper.java:69)
at org.testng.internal.invokers.ConfigInvoker.invokeConfigurationMethod(ConfigInvoker.java:390)
at org.testng.internal.invokers.ConfigInvoker.invokeConfigurations(ConfigInvoker.java:325)
at org.testng.TestRunner.invokeTestConfigurations(TestRunner.java:663)
at org.testng.TestRunner.beforeRun(TestRunner.java:652)
at org.testng.TestRunner.run(TestRunner.java:614)
at org.testng.SuiteRunner.runTest(SuiteRunner.java:443)
at org.testng.SuiteRunner.runSequentially(SuiteRunner.java:437)
at org.testng.SuiteRunner.privateRun(SuiteRunner.java:397)
at org.testng.SuiteRunner.run(SuiteRunner.java:336)
at org.testng.SuiteRunnerWorker.runSuite(SuiteRunnerWorker.java:52)
at org.testng.SuiteRunnerWorker.run(SuiteRunnerWorker.java:95)
at org.testng.TestNG.runSuitesSequentially(TestNG.java:1280)
at org.testng.TestNG.runSuitesLocally(TestNG.java:1200)
at org.testng.TestNG.runSuites(TestNG.java:1114)
at org.testng.TestNG.run(TestNG.java:1082)
at org.testng.remote.AbstractRemoteTestNG.run(AbstractRemoteTestNG.java:115)
at org.testng.remote.RemoteTestNG.initAndRun(RemoteTestNG.java:251)
at org.testng.remote.RemoteTestNG.main(RemoteTestNG.java:77)
]]>
    </failure>
  </testcase> <!-- @BeforeTest setUp -->
  <testcase classname="base.Hooks" name="@AfterTest tearDown" time="0.0">
    <skipped/>
  </testcase> <!-- @AfterTest tearDown -->
  <testcase classname="orderCompletion.OrderCompletionTest" name="endToEndTest" time="0.0">
    <skipped/>
  </testcase> <!-- endToEndTest -->
</testsuite> <!-- Default test -->
